<?xml version="1.0" encoding="UTF-8"?>
<!-- Generated by org.testng.reporters.JUnitXMLReporter -->
<testsuite ignored="0" hostname="Mahesh" failures="0" tests="4" name="Test" time="7.455" errors="0" timestamp="2022-08-25T19:14:10 IST">
  <testcase classname="test.basetest" name="@BeforeClass pageObjects" time="0.099">
    <failure type="java.lang.Error" message="Unresolved compilation problem: 
	driver cannot be resolved or is not a field
">
      <![CDATA[java.lang.Error: Unresolved compilation problem: 
driver cannot be resolved or is not a field

at mainjava.Pimpage.<init>(Pimpage.java:13)
at test.basetest.pageObjects(basetest.java:34)
at java.base/java.util.ArrayList.forEach(ArrayList.java:1511)
... Removed 25 stack frames]]>
    </failure>
  </testcase> <!-- @BeforeClass pageObjects -->
  <testcase classname="test.LoginTest" name="verifyUrlofPage" time="0.0">
    <skipped/>
  </testcase> <!-- verifyUrlofPage -->
  <testcase classname="test.LoginTest" name="verifylogin" time="0.0">
    <skipped/>
  </testcase> <!-- verifylogin -->
  <testcase classname="test.LoginTest" name="verifyDisplyedOfLogin" time="0.0">
    <skipped/>
  </testcase> <!-- verifyDisplyedOfLogin -->
  <testcase classname="test.LoginTest" name="verifyPimPage" time="0.0">
    <skipped/>
  </testcase> <!-- verifyPimPage -->
</testsuite> <!-- Test -->
